#
# There is insufficient memory for the Java Runtime Environment to continue.
# Native memory allocation (malloc) failed to allocate 2099696 bytes for Chunk::new
# Possible reasons:
#   The system is out of physical RAM or swap space
#   The process is running with CompressedOops enabled, and the Java Heap may be blocking the growth of the native heap
# Possible solutions:
#   Reduce memory load on the system
#   Increase physical memory or swap space
#   Check if swap backing store is full
#   Decrease Java heap size (-Xmx/-Xms)
#   Decrease number of Java threads
#   Decrease Java thread stack sizes (-Xss)
#   Set larger code cache with -XX:ReservedCodeCacheSize=
#   JVM is running with Unscaled Compressed Oops mode in which the Java heap is
#     placed in the first 4GB address space. The Java Heap base address is the
#     maximum limit for the native heap growth. Please use -XX:HeapBaseMinAddress
#     to set the Java Heap base and to place the Java Heap above 4GB virtual address.
# This output file may be truncated or incomplete.
#
#  Out of Memory Error (allocation.cpp:389), pid=5852, tid=0x0000000000000bcc
#
# JRE version: OpenJDK Runtime Environment (8.0_202-b03) (build 1.8.0_202-release-1483-b03)
# Java VM: OpenJDK 64-Bit Server VM (25.202-b03 mixed mode windows-amd64 compressed oops)
# Failed to write core dump. Minidumps are not enabled by default on client versions of Windows
#

---------------  T H R E A D  ---------------

Current thread (0x0000000015ec7800):  JavaThread "C2 CompilerThread0" daemon [_thread_in_native, id=3020, stack(0x0000000016f10000,0x0000000017010000)]

Stack: [0x0000000016f10000,0x0000000017010000]
[error occurred during error reporting (printing stack bounds), id 0xc0000005]

Native frames: (J=compiled Java code, j=interpreted, Vv=VM code, C=native code)


Current CompileTask:
C2:  13459 2946   !   4       java.net.URLClassLoader$1::run (63 bytes)


---------------  P R O C E S S  ---------------

Java Threads: ( => current thread )
  0x000000001da36800 JavaThread "Build operations Thread 2" [_thread_blocked, id=6232, stack(0x000000001f0a0000,0x000000001f1a0000)]
  0x000000001da35800 JavaThread "Build operations" [_thread_blocked, id=11416, stack(0x000000001efa0000,0x000000001f0a0000)]
  0x000000001da33800 JavaThread "Cache worker for execution history cache (C:\Users\Rodrigo\.gradle\caches\5.4.1\executionHistory)" [_thread_blocked, id=6044, stack(0x000000001eaa0000,0x000000001eba0000)]
  0x000000001da35000 JavaThread "Cache worker for cache directory md-rule (C:\Users\Rodrigo\.gradle\caches\5.4.1\md-rule)" [_thread_blocked, id=7524, stack(0x000000001e9a0000,0x000000001eaa0000)]
  0x0000000018095800 JavaThread "Cache worker for cache directory md-supplier (C:\Users\Rodrigo\.gradle\caches\5.4.1\md-supplier)" [_thread_blocked, id=8220, stack(0x000000001d3d0000,0x000000001d4d0000)]
  0x000000001809a000 JavaThread "Cache worker for file hash cache (C:\Users\Rodrigo\AndroidStudioProjects\MeuProjeto\.gradle\5.4.1\fileHashes)" [_thread_blocked, id=8788, stack(0x000000001ccd0000,0x000000001cdd0000)]
  0x0000000018098800 JavaThread "Cache worker for journal cache (C:\Users\Rodrigo\.gradle\caches\journal-1)" [_thread_blocked, id=132, stack(0x000000001a570000,0x000000001a670000)]
  0x0000000018099800 JavaThread "File lock request listener" [_thread_in_native, id=3000, stack(0x000000001a470000,0x000000001a570000)]
  0x0000000017f4c000 JavaThread "Cache worker for file hash cache (C:\Users\Rodrigo\.gradle\caches\5.4.1\fileHashes)" [_thread_blocked, id=7956, stack(0x000000001a370000,0x000000001a470000)]
  0x00000000188a6800 JavaThread "Thread-9" [_thread_blocked, id=10048, stack(0x000000001a070000,0x000000001a170000)]
  0x00000000188a4800 JavaThread "Stdin handler" [_thread_blocked, id=1612, stack(0x0000000019f70000,0x000000001a070000)]
  0x000000001889b000 JavaThread "Asynchronous log dispatcher for DefaultDaemonConnection: socket connection from /127.0.0.1:56855 to /127.0.0.1:56856" [_thread_blocked, id=10848, stack(0x0000000019e70000,0x0000000019f70000)]
  0x0000000018896800 JavaThread "Daemon worker" [_thread_in_vm, id=11752, stack(0x0000000019d70000,0x0000000019e70000)]
  0x00000000178cc000 JavaThread "Cancel handler" [_thread_blocked, id=10052, stack(0x0000000019c70000,0x0000000019d70000)]
  0x0000000017908000 JavaThread "Handler for socket connection from /127.0.0.1:56855 to /127.0.0.1:56856" [_thread_in_native, id=4804, stack(0x0000000019970000,0x0000000019a70000)]
  0x0000000017688800 JavaThread "Daemon" [_thread_blocked, id=11636, stack(0x0000000019870000,0x0000000019970000)]
  0x0000000017a3a800 JavaThread "Daemon periodic checks" [_thread_blocked, id=8112, stack(0x0000000019770000,0x0000000019870000)]
  0x0000000017890800 JavaThread "Incoming local TCP Connector on port 56855" [_thread_in_native, id=10216, stack(0x0000000019520000,0x0000000019620000)]
  0x00000000184c0800 JavaThread "Daemon health stats" [_thread_blocked, id=11772, stack(0x0000000018ee0000,0x0000000018fe0000)]
  0x0000000015f46800 JavaThread "Service Thread" daemon [_thread_blocked, id=8608, stack(0x0000000017110000,0x0000000017210000)]
  0x0000000015f1e000 JavaThread "C1 CompilerThread1" daemon [_thread_blocked, id=8960, stack(0x0000000017010000,0x0000000017110000)]
=>0x0000000015ec7800 JavaThread "C2 CompilerThread0" daemon [_thread_in_native, id=3020, stack(0x0000000016f10000,0x0000000017010000)]
  0x0000000015ec5800 JavaThread "Attach Listener" daemon [_thread_blocked, id=11312, stack(0x0000000016e10000,0x0000000016f10000)]
  0x0000000015ed2000 JavaThread "Signal Dispatcher" daemon [_thread_blocked, id=3012, stack(0x0000000016d10000,0x0000000016e10000)]
  0x000000000279a000 JavaThread "Finalizer" daemon [_thread_blocked, id=10128, stack(0x0000000016b00000,0x0000000016c00000)]
  0x000000000278f800 JavaThread "Reference Handler" daemon [_thread_blocked, id=12208, stack(0x0000000016a00000,0x0000000016b00000)]
  0x000000000259e800 JavaThread "main" [_thread_blocked, id=6324, stack(0x00000000025a0000,0x00000000026a0000)]

Other Threads:
  0x0000000015e94800 VMThread [stack: 0x0000000016900000,0x0000000016a00000] [id=5872]
  0x0000000015f49000 WatcherThread [stack: 0x0000000017210000,0x0000000017310000] [id=3404]

VM state:not at safepoint (normal execution)

VM Mutex/Monitor currently owned by a thread:  ([mutex/lock_event])
[0x000000000259cd60] AdapterHandlerLibrary_lock - owner thread: 0x0000000018896800

heap address: 0x00000000a0000000, size: 1536 MB, Compressed Oops mode: 32-bit
Narrow klass base: 0x0000000000000000, Narrow klass shift: 3
Compressed class space size: 1073741824 Address: 0x0000000100000000

Heap:
 PSYoungGen      total 65024K, used 60764K [0x00000000e0000000, 0x00000000e5b00000, 0x0000000100000000)
  eden space 59904K, 92% used [0x00000000e0000000,0x00000000e365a2a0,0x00000000e3a80000)
  from space 5120K, 99% used [0x00000000e4600000,0x00000000e4afd128,0x00000000e4b00000)
  to   space 11776K, 0% used [0x00000000e3a80000,0x00000000e3a80000,0x00000000e4600000)
 ParOldGen       total 66048K, used 10888K [0x00000000a0000000, 0x00000000a4080000, 0x00000000e0000000)
  object space 66048K, 16% used [0x00000000a0000000,0x00000000a0aa2350,0x00000000a4080000)
 Metaspace       used 34701K, capacity 35554K, committed 35712K, reserved 1083392K
  class space    used 4764K, capacity 4950K, committed 4992K, reserved 1048576K

Card table byte_map: [0x0000000011b60000,0x0000000011e70000] byte_map_base: 0x0000000011660000

Marking Bits: (ParMarkBitMap*) 0x00000000775a9f30
 Begin Bits: [0x0000000012270000, 0x0000000013a70000)
 End Bits:   [0x0000000013a70000, 0x0000000015270000)

Polling page: 0x0000000000b80000

CodeCache: size=245760Kb used=10440Kb max_used=10448Kb free=235319Kb
 bounds [0x00000000027a0000, 0x0000000003200000, 0x00000000117a0000]
 total_blobs=3857 nmethods=3160 adapters=611
 compilation: enabled

Compilation events (10 events):
Event: 13.407 Thread 0x0000000015f1e000 3380       3       org.gradle.internal.operations.DefaultBuildOperationExecutor::getCurrentBuildOperation (11 bytes)
Event: 13.408 Thread 0x0000000015f1e000 nmethod 3380 0x00000000029ea690 code [0x00000000029ea820, 0x00000000029eaca8]
Event: 13.409 Thread 0x0000000015f1e000 3381       1       org.gradle.internal.instantiation.AbstractClassGenerator$GeneratedClassImpl::getOuterType (5 bytes)
Event: 13.409 Thread 0x0000000015f1e000 nmethod 3381 0x00000000029ea3d0 code [0x00000000029ea520, 0x00000000029ea630]
Event: 13.409 Thread 0x0000000015f1e000 3382       3       org.gradle.internal.instantiation.AbstractClassGenerator$GeneratedClassImpl$GeneratedConstructorImpl::getParameterTypes (8 bytes)
Event: 13.409 Thread 0x0000000015f1e000 nmethod 3382 0x00000000029e9d50 code [0x00000000029e9ec0, 0x00000000029ea2a8]
Event: 13.410 Thread 0x0000000015f1e000 3383       3       java.lang.String::getBytes (14 bytes)
Event: 13.410 Thread 0x0000000015f1e000 nmethod 3383 0x00000000029e9990 code [0x00000000029e9b00, 0x00000000029e9ca8]
Event: 13.410 Thread 0x0000000015f1e000 3384   !   3       java.lang.StringCoding::encode (120 bytes)
Event: 13.412 Thread 0x0000000015f1e000 nmethod 3384 0x0000000002ced790 code [0x0000000002cedae0, 0x0000000002cef578]

GC Heap History (10 events):
Event: 9.419 GC heap before
{Heap before GC invocations=7 (full 1):
 PSYoungGen      total 71680K, used 59368K [0x00000000e0000000, 0x00000000e4b00000, 0x0000000100000000)
  eden space 66560K, 89% used [0x00000000e0000000,0x00000000e39fa2d8,0x00000000e4100000)
  from space 5120K, 0% used [0x00000000e4100000,0x00000000e4100000,0x00000000e4600000)
  to   space 5120K, 0% used [0x00000000e4600000,0x00000000e4600000,0x00000000e4b00000)
 ParOldGen       total 66048K, used 10772K [0x00000000a0000000, 0x00000000a4080000, 0x00000000e0000000)
  object space 66048K, 16% used [0x00000000a0000000,0x00000000a0a85030,0x00000000a4080000)
 Metaspace       used 28203K, capacity 28772K, committed 28928K, reserved 1079296K
  class space    used 3836K, capacity 4031K, committed 4096K, reserved 1048576K
Event: 9.429 GC heap after
Heap after GC invocations=7 (full 1):
 PSYoungGen      total 71680K, used 5094K [0x00000000e0000000, 0x00000000e4b00000, 0x0000000100000000)
  eden space 66560K, 0% used [0x00000000e0000000,0x00000000e0000000,0x00000000e4100000)
  from space 5120K, 99% used [0x00000000e4600000,0x00000000e4af9af0,0x00000000e4b00000)
  to   space 5120K, 0% used [0x00000000e4100000,0x00000000e4100000,0x00000000e4600000)
 ParOldGen       total 66048K, used 13514K [0x00000000a0000000, 0x00000000a4080000, 0x00000000e0000000)
  object space 66048K, 20% used [0x00000000a0000000,0x00000000a0d32a30,0x00000000a4080000)
 Metaspace       used 28203K, capacity 28772K, committed 28928K, reserved 1079296K
  class space    used 3836K, capacity 4031K, committed 4096K, reserved 1048576K
}
Event: 9.429 GC heap before
{Heap before GC invocations=8 (full 2):
 PSYoungGen      total 71680K, used 5094K [0x00000000e0000000, 0x00000000e4b00000, 0x0000000100000000)
  eden space 66560K, 0% used [0x00000000e0000000,0x00000000e0000000,0x00000000e4100000)
  from space 5120K, 99% used [0x00000000e4600000,0x00000000e4af9af0,0x00000000e4b00000)
  to   space 5120K, 0% used [0x00000000e4100000,0x00000000e4100000,0x00000000e4600000)
 ParOldGen       total 66048K, used 13514K [0x00000000a0000000, 0x00000000a4080000, 0x00000000e0000000)
  object space 66048K, 20% used [0x00000000a0000000,0x00000000a0d32a30,0x00000000a4080000)
 Metaspace       used 28203K, capacity 28772K, committed 28928K, reserved 1079296K
  class space    used 3836K, capacity 4031K, committed 4096K, reserved 1048576K
Event: 9.576 GC heap after
Heap after GC invocations=8 (full 2):
 PSYoungGen      total 71680K, used 0K [0x00000000e0000000, 0x00000000e4b00000, 0x0000000100000000)
  eden space 66560K, 0% used [0x00000000e0000000,0x00000000e0000000,0x00000000e4100000)
  from space 5120K, 0% used [0x00000000e4600000,0x00000000e4600000,0x00000000e4b00000)
  to   space 5120K, 0% used [0x00000000e4100000,0x00000000e4100000,0x00000000e4600000)
 ParOldGen       total 66048K, used 14676K [0x00000000a0000000, 0x00000000a4080000, 0x00000000e0000000)
  object space 66048K, 22% used [0x00000000a0000000,0x00000000a0e55328,0x00000000a4080000)
 Metaspace       used 28203K, capacity 28772K, committed 28928K, reserved 1077248K
  class space    used 3836K, capacity 4031K, committed 4096K, reserved 1048576K
}
Event: 9.604 GC heap before
{Heap before GC invocations=9 (full 2):
 PSYoungGen      total 71680K, used 1119K [0x00000000e0000000, 0x00000000e4b00000, 0x0000000100000000)
  eden space 66560K, 1% used [0x00000000e0000000,0x00000000e0117ca0,0x00000000e4100000)
  from space 5120K, 0% used [0x00000000e4600000,0x00000000e4600000,0x00000000e4b00000)
  to   space 5120K, 0% used [0x00000000e4100000,0x00000000e4100000,0x00000000e4600000)
 ParOldGen       total 66048K, used 14676K [0x00000000a0000000, 0x00000000a4080000, 0x00000000e0000000)
  object space 66048K, 22% used [0x00000000a0000000,0x00000000a0e55328,0x00000000a4080000)
 Metaspace       used 28666K, capacity 29236K, committed 29440K, reserved 1081344K
  class space    used 3845K, capacity 4035K, committed 4096K, reserved 1048576K
Event: 9.606 GC heap after
Heap after GC invocations=9 (full 2):
 PSYoungGen      total 71680K, used 174K [0x00000000e0000000, 0x00000000e4b00000, 0x0000000100000000)
  eden space 66560K, 0% used [0x00000000e0000000,0x00000000e0000000,0x00000000e4100000)
  from space 5120K, 3% used [0x00000000e4100000,0x00000000e412b8f8,0x00000000e4600000)
  to   space 5120K, 0% used [0x00000000e4600000,0x00000000e4600000,0x00000000e4b00000)
 ParOldGen       total 66048K, used 14676K [0x00000000a0000000, 0x00000000a4080000, 0x00000000e0000000)
  object space 66048K, 22% used [0x00000000a0000000,0x00000000a0e55328,0x00000000a4080000)
 Metaspace       used 28666K, capacity 29236K, committed 29440K, reserved 1081344K
  class space    used 3845K, capacity 4035K, committed 4096K, reserved 1048576K
}
Event: 9.606 GC heap before
{Heap before GC invocations=10 (full 3):
 PSYoungGen      total 71680K, used 174K [0x00000000e0000000, 0x00000000e4b00000, 0x0000000100000000)
  eden space 66560K, 0% used [0x00000000e0000000,0x00000000e0000000,0x00000000e4100000)
  from space 5120K, 3% used [0x00000000e4100000,0x00000000e412b8f8,0x00000000e4600000)
  to   space 5120K, 0% used [0x00000000e4600000,0x00000000e4600000,0x00000000e4b00000)
 ParOldGen       total 66048K, used 14676K [0x00000000a0000000, 0x00000000a4080000, 0x00000000e0000000)
  object space 66048K, 22% used [0x00000000a0000000,0x00000000a0e55328,0x00000000a4080000)
 Metaspace       used 28666K, capacity 29236K, committed 29440K, reserved 1081344K
  class space    used 3845K, capacity 4035K, committed 4096K, reserved 1048576K
Event: 9.698 GC heap after
Heap after GC invocations=10 (full 3):
 PSYoungGen      total 71680K, used 0K [0x00000000e0000000, 0x00000000e4b00000, 0x0000000100000000)
  eden space 66560K, 0% used [0x00000000e0000000,0x00000000e0000000,0x00000000e4100000)
  from space 5120K, 0% used [0x00000000e4100000,0x00000000e4100000,0x00000000e4600000)
  to   space 5120K, 0% used [0x00000000e4600000,0x00000000e4600000,0x00000000e4b00000)
 ParOldGen       total 66048K, used 10286K [0x00000000a0000000, 0x00000000a4080000, 0x00000000e0000000)
  object space 66048K, 15% used [0x00000000a0000000,0x00000000a0a0bb20,0x00000000a4080000)
 Metaspace       used 28666K, capacity 29236K, committed 29440K, reserved 1079296K
  class space    used 3845K, capacity 4035K, committed 4096K, reserved 1048576K
}
Event: 11.031 GC heap before
{Heap before GC invocations=11 (full 3):
 PSYoungGen      total 71680K, used 66560K [0x00000000e0000000, 0x00000000e4b00000, 0x0000000100000000)
  eden space 66560K, 100% used [0x00000000e0000000,0x00000000e4100000,0x00000000e4100000)
  from space 5120K, 0% used [0x00000000e4100000,0x00000000e4100000,0x00000000e4600000)
  to   space 5120K, 0% used [0x00000000e4600000,0x00000000e4600000,0x00000000e4b00000)
 ParOldGen       total 66048K, used 10286K [0x00000000a0000000, 0x00000000a4080000, 0x00000000e0000000)
  object space 66048K, 15% used [0x00000000a0000000,0x00000000a0a0bb20,0x00000000a4080000)
 Metaspace       used 31890K, capacity 32478K, committed 32768K, reserved 1081344K
  class space    used 4387K, capacity 4560K, committed 4608K, reserved 1048576K
Event: 11.047 GC heap after
Heap after GC invocations=11 (full 3):
 PSYoungGen      total 65024K, used 5108K [0x00000000e0000000, 0x00000000e5b00000, 0x0000000100000000)
  eden space 59904K, 0% used [0x00000000e0000000,0x00000000e0000000,0x00000000e3a80000)
  from space 5120K, 99% used [0x00000000e4600000,0x00000000e4afd128,0x00000000e4b00000)
  to   space 11776K, 0% used [0x00000000e3a80000,0x00000000e3a80000,0x00000000e4600000)
 ParOldGen       total 66048K, used 10888K [0x00000000a0000000, 0x00000000a4080000, 0x00000000e0000000)
  object space 66048K, 16% used [0x00000000a0000000,0x00000000a0aa2350,0x00000000a4080000)
 Metaspace       used 31890K, capacity 32478K, committed 32768K, reserved 1081344K
  class space    used 4387K, capacity 4560K, committed 4608K, reserved 1048576K
}

Deoptimization events (10 events):
Event: 9.232 Thread 0x0000000018896800 Uncommon trap: reason=unstable_if action=reinterpret pc=0x0000000002a7c170 method=java.util.LinkedHashMap.afterNodeInsertion(Z)V @ 1
Event: 9.577 Thread 0x000000000278f800 Uncommon trap: reason=unstable_if action=reinterpret pc=0x0000000002d8c2bc method=java.lang.ref.Reference.tryHandlePending(Z)Z @ 104
Event: 9.744 Thread 0x0000000018896800 Uncommon trap: reason=unstable_if action=reinterpret pc=0x0000000002fb8a90 method=java.util.WeakHashMap.put(Ljava/lang/Object;Ljava/lang/Object;)Ljava/lang/Object; @ 72
Event: 9.830 Thread 0x0000000018896800 Uncommon trap: reason=class_check action=maybe_recompile pc=0x0000000002d86c54 method=sun.misc.URLClassPath.getLoader(I)Lsun/misc/URLClassPath$Loader; @ 94
Event: 10.995 Thread 0x0000000018896800 Uncommon trap: reason=unstable_if action=reinterpret pc=0x000000000300b920 method=java.net.URI.match(CJJ)Z @ 45
Event: 12.023 Thread 0x0000000018896800 Uncommon trap: reason=unstable_if action=reinterpret pc=0x0000000003183d10 method=java.util.concurrent.ConcurrentHashMap.get(Ljava/lang/Object;)Ljava/lang/Object; @ 76
Event: 12.024 Thread 0x0000000018896800 Uncommon trap: reason=class_check action=maybe_recompile pc=0x0000000002cc74a0 method=java.util.concurrent.ConcurrentHashMap.putVal(Ljava/lang/Object;Ljava/lang/Object;Z)Ljava/lang/Object; @ 192
Event: 12.259 Thread 0x000000001da35800 Uncommon trap: reason=class_check action=maybe_recompile pc=0x0000000002cc74a0 method=java.util.concurrent.ConcurrentHashMap.putVal(Ljava/lang/Object;Ljava/lang/Object;Z)Ljava/lang/Object; @ 192
Event: 12.772 Thread 0x0000000018896800 Uncommon trap: reason=range_check action=make_not_entrant pc=0x0000000003109148 method=java.lang.String.charAt(I)C @ 27
Event: 13.352 Thread 0x0000000018896800 Uncommon trap: reason=unstable_if action=reinterpret pc=0x0000000002c42fb8 method=java.util.WeakHashMap.expungeStaleEntries()V @ 66

Classes redefined (0 events):
No events

Internal exceptions (10 events):
Event: 13.346 Thread 0x0000000018896800 Exception <a 'java/lang/ClassNotFoundException': org/gradle/api/tasks/Delete_DecoratedBeanInfo> (0x00000000e32eb5a8) thrown at [D:\src\AOSP-openjdk-cygwin\jdk8u\hotspot\src\share\vm\classfile\systemDictionary.cpp, line 210]
Event: 13.347 Thread 0x0000000018896800 Exception <a 'java/lang/ClassNotFoundException': org/gradle/api/tasks/DeleteBeanInfo> (0x00000000e3316398) thrown at [D:\src\AOSP-openjdk-cygwin\jdk8u\hotspot\src\share\vm\classfile\systemDictionary.cpp, line 210]
Event: 13.348 Thread 0x0000000018896800 Exception <a 'java/lang/ClassNotFoundException': org/gradle/api/internal/ConventionTaskBeanInfo> (0x00000000e3346f10) thrown at [D:\src\AOSP-openjdk-cygwin\jdk8u\hotspot\src\share\vm\classfile\systemDictionary.cpp, line 210]
Event: 13.349 Thread 0x0000000018896800 Exception <a 'java/lang/ClassNotFoundException': org/gradle/api/DefaultTaskBeanInfo> (0x00000000e336f5d0) thrown at [D:\src\AOSP-openjdk-cygwin\jdk8u\hotspot\src\share\vm\classfile\systemDictionary.cpp, line 210]
Event: 13.350 Thread 0x0000000018896800 Exception <a 'java/lang/ClassNotFoundException': org/gradle/api/internal/AbstractTaskBeanInfo> (0x00000000e339f308) thrown at [D:\src\AOSP-openjdk-cygwin\jdk8u\hotspot\src\share\vm\classfile\systemDictionary.cpp, line 210]
Event: 13.351 Thread 0x0000000018896800 Exception <a 'java/lang/ClassNotFoundException': org/gradle/api/internal/AbstractTaskCustomizer> (0x00000000e33cfd98) thrown at [D:\src\AOSP-openjdk-cygwin\jdk8u\hotspot\src\share\vm\classfile\systemDictionary.cpp, line 210]
Event: 13.355 Thread 0x0000000018896800 Exception <a 'java/lang/ClassNotFoundException': org/gradle/api/DefaultTaskCustomizer> (0x00000000e345a128) thrown at [D:\src\AOSP-openjdk-cygwin\jdk8u\hotspot\src\share\vm\classfile\systemDictionary.cpp, line 210]
Event: 13.356 Thread 0x0000000018896800 Exception <a 'java/lang/ClassNotFoundException': org/gradle/api/internal/ConventionTaskCustomizer> (0x00000000e349a3d8) thrown at [D:\src\AOSP-openjdk-cygwin\jdk8u\hotspot\src\share\vm\classfile\systemDictionary.cpp, line 210]
Event: 13.357 Thread 0x0000000018896800 Exception <a 'java/lang/ClassNotFoundException': org/gradle/api/tasks/DeleteCustomizer> (0x00000000e34d7698) thrown at [D:\src\AOSP-openjdk-cygwin\jdk8u\hotspot\src\share\vm\classfile\systemDictionary.cpp, line 210]
Event: 13.365 Thread 0x0000000018896800 Exception <a 'java/lang/ClassNotFoundException': org/gradle/api/tasks/Delete_DecoratedCustomizer> (0x00000000e3522028) thrown at [D:\src\AOSP-openjdk-cygwin\jdk8u\hotspot\src\share\vm\classfile\systemDictionary.cpp, line 210]

Events (10 events):
Event: 13.401 loading class org/gradle/configuration/project/NotifyProjectAfterEvaluatedBuildOperationType$Result
Event: 13.401 loading class org/gradle/configuration/project/NotifyProjectAfterEvaluatedBuildOperationType$Result done
Event: 13.401 loading class org/gradle/configuration/project/NotifyProjectAfterEvaluatedBuildOperationType$1
Event: 13.401 loading class org/gradle/configuration/project/NotifyProjectAfterEvaluatedBuildOperationType$1 done
Event: 13.401 loading class org/gradle/configuration/project/ConfigureProjectBuildOperationType
Event: 13.401 loading class org/gradle/configuration/project/ConfigureProjectBuildOperationType done
Event: 13.401 loading class org/gradle/configuration/project/ConfigureProjectBuildOperationType$Result
Event: 13.401 loading class org/gradle/configuration/project/ConfigureProjectBuildOperationType$Result done
Event: 13.402 loading class org/gradle/configuration/project/ConfigureProjectBuildOperationType$1
Event: 13.402 loading class org/gradle/configuration/project/ConfigureProjectBuildOperationType$1 done


Dynamic libraries:
0x00007ff6f0c60000 - 0x00007ff6f0c91000 	C:\Program Files\Android\Android Studio\jre\bin\java.exe
0x00007ff8f6c50000 - 0x00007ff8f6e31000 	C:\WINDOWS\SYSTEM32\ntdll.dll
0x00007ff8e73d0000 - 0x00007ff8e73e4000 	C:\Program Files\AVAST Software\Avast\aswhook.dll
0x00007ff8f5e60000 - 0x00007ff8f5f11000 	C:\WINDOWS\System32\KERNEL32.DLL
0x00007ff8f31c0000 - 0x00007ff8f3433000 	C:\WINDOWS\System32\KERNELBASE.dll
0x00007ff8f4970000 - 0x00007ff8f4a11000 	C:\WINDOWS\System32\ADVAPI32.dll
0x00007ff8f44f0000 - 0x00007ff8f458e000 	C:\WINDOWS\System32\msvcrt.dll
0x00007ff8f60c0000 - 0x00007ff8f611b000 	C:\WINDOWS\System32\sechost.dll
0x00007ff8f5f20000 - 0x00007ff8f6044000 	C:\WINDOWS\System32\RPCRT4.dll
0x00007ff8f4640000 - 0x00007ff8f47d0000 	C:\WINDOWS\System32\USER32.dll
0x00007ff8f4060000 - 0x00007ff8f4080000 	C:\WINDOWS\System32\win32u.dll
0x00007ff8f68c0000 - 0x00007ff8f68e8000 	C:\WINDOWS\System32\GDI32.dll
0x00007ff8f3440000 - 0x00007ff8f35d1000 	C:\WINDOWS\System32\gdi32full.dll
0x00007ff8f30d0000 - 0x00007ff8f316f000 	C:\WINDOWS\System32\msvcp_win.dll
0x00007ff8f35e0000 - 0x00007ff8f36d8000 	C:\WINDOWS\System32\ucrtbase.dll
0x00007ff8de980000 - 0x00007ff8debe9000 	C:\WINDOWS\WinSxS\amd64_microsoft.windows.common-controls_6595b64144ccf1df_6.0.17134.950_none_fb3da4273069d3e0\COMCTL32.dll
0x00007ff8f68f0000 - 0x00007ff8f6c12000 	C:\WINDOWS\System32\combase.dll
0x00007ff8f36e0000 - 0x00007ff8f3759000 	C:\WINDOWS\System32\bcryptPrimitives.dll
0x00007ff8f4150000 - 0x00007ff8f417d000 	C:\WINDOWS\System32\IMM32.DLL
0x0000000077850000 - 0x0000000077922000 	C:\Program Files\Android\Android Studio\jre\jre\bin\msvcr100.dll
0x0000000076de0000 - 0x0000000077626000 	C:\Program Files\Android\Android Studio\jre\jre\bin\server\jvm.dll
0x00007ff8f6260000 - 0x00007ff8f6268000 	C:\WINDOWS\System32\PSAPI.DLL
0x00007ff8e3030000 - 0x00007ff8e3039000 	C:\WINDOWS\SYSTEM32\WSOCK32.dll
0x00007ff8f6120000 - 0x00007ff8f618c000 	C:\WINDOWS\System32\WS2_32.dll
0x00007ff8f11b0000 - 0x00007ff8f11d3000 	C:\WINDOWS\SYSTEM32\WINMM.dll
0x00007ff8e9b90000 - 0x00007ff8e9b9a000 	C:\WINDOWS\SYSTEM32\VERSION.dll
0x00007ff8f1180000 - 0x00007ff8f11aa000 	C:\WINDOWS\SYSTEM32\WINMMBASE.dll
0x00007ff8f3170000 - 0x00007ff8f31b9000 	C:\WINDOWS\System32\cfgmgr32.dll
0x00007ff8eec40000 - 0x00007ff8eec4f000 	C:\Program Files\Android\Android Studio\jre\jre\bin\verify.dll
0x00007ff8eaea0000 - 0x00007ff8eaec9000 	C:\Program Files\Android\Android Studio\jre\jre\bin\java.dll
0x00007ff8eae80000 - 0x00007ff8eae96000 	C:\Program Files\Android\Android Studio\jre\jre\bin\zip.dll
0x00007ff8f4a20000 - 0x00007ff8f5e60000 	C:\WINDOWS\System32\SHELL32.dll
0x00007ff8f4590000 - 0x00007ff8f4639000 	C:\WINDOWS\System32\shcore.dll
0x00007ff8f3760000 - 0x00007ff8f3e6d000 	C:\WINDOWS\System32\windows.storage.dll
0x00007ff8f6050000 - 0x00007ff8f60a1000 	C:\WINDOWS\System32\shlwapi.dll
0x00007ff8f2fe0000 - 0x00007ff8f2ff1000 	C:\WINDOWS\System32\kernel.appcore.dll
0x00007ff8f3000000 - 0x00007ff8f301f000 	C:\WINDOWS\System32\profapi.dll
0x00007ff8f2f90000 - 0x00007ff8f2fdc000 	C:\WINDOWS\System32\powrprof.dll
0x00007ff8f2f60000 - 0x00007ff8f2f6a000 	C:\WINDOWS\System32\FLTLIB.DLL
0x00007ff8eae60000 - 0x00007ff8eae7a000 	C:\Program Files\Android\Android Studio\jre\jre\bin\net.dll
0x00007ff8f2780000 - 0x00007ff8f27e6000 	C:\WINDOWS\system32\mswsock.dll
0x00007ff8eabc0000 - 0x00007ff8eabd1000 	C:\Program Files\Android\Android Studio\jre\jre\bin\nio.dll
0x00007ff8eef60000 - 0x00007ff8eef86000 	C:\Users\Rodrigo\.gradle\native\29\windows-amd64\native-platform.dll
0x00007ff8eaf70000 - 0x00007ff8eaf7d000 	C:\Program Files\Android\Android Studio\jre\jre\bin\management.dll
0x00007ff8f2940000 - 0x00007ff8f2957000 	C:\WINDOWS\SYSTEM32\CRYPTSP.dll
0x00007ff8f2330000 - 0x00007ff8f2363000 	C:\WINDOWS\system32\rsaenh.dll
0x00007ff8f2ac0000 - 0x00007ff8f2ae5000 	C:\WINDOWS\SYSTEM32\bcrypt.dll
0x00007ff8f2e60000 - 0x00007ff8f2e88000 	C:\WINDOWS\SYSTEM32\USERENV.dll
0x00007ff8f2930000 - 0x00007ff8f293b000 	C:\WINDOWS\SYSTEM32\CRYPTBASE.dll
0x00007ff8f24d0000 - 0x00007ff8f2508000 	C:\WINDOWS\SYSTEM32\IPHLPAPI.DLL
0x00007ff8f60b0000 - 0x00007ff8f60b8000 	C:\WINDOWS\System32\NSI.dll
0x00007ff8e84a0000 - 0x00007ff8e84b6000 	C:\WINDOWS\SYSTEM32\dhcpcsvc6.DLL
0x00007ff8e88a0000 - 0x00007ff8e88ba000 	C:\WINDOWS\SYSTEM32\dhcpcsvc.DLL

VM Arguments:
jvm_args: -Xmx1536m -Dfile.encoding=windows-1252 -Duser.country=BR -Duser.language=pt -Duser.variant 
java_command: org.gradle.launcher.daemon.bootstrap.GradleDaemon 5.4.1
java_class_path (initial): C:\Users\Rodrigo\.gradle\wrapper\dists\gradle-5.4.1-all\3221gyojl5jsh0helicew7rwx\gradle-5.4.1\lib\gradle-launcher-5.4.1.jar
Launcher Type: SUN_STANDARD

Environment Variables:
PATH="C:\Program Files (x86)\Common Files\Oracle\Java\javapath;C:\xampp\php";C:\WINDOWS\system32;C:\WINDOWS;C:\WINDOWS\System32\Wbem;C:\WINDOWS\System32\WindowsPowerShell\v1.0\;C:\WINDOWS\System32\OpenSSH\;C:\xampp\php\php.exe;C:\Program Files\nodejs\;C:\Program Files\Git\cmd;C:\Users\Rodrigo\AppData\Local\Microsoft\WindowsApps;;C:\Users\Rodrigo\AppData\Local\Programs\Microsoft VS Code\bin;C:\Users\Rodrigo\AppData\Roaming\npm
USERNAME=Rodrigo
OS=Windows_NT
PROCESSOR_IDENTIFIER=Intel64 Family 6 Model 142 Stepping 9, GenuineIntel



---------------  S Y S T E M  ---------------

OS: Windows 10.0 , 64 bit Build 17134 (10.0.17134.753)

CPU:total 2 (initial active 2) (2 cores per cpu, 1 threads per core) family 6 model 142 stepping 9, cmov, cx8, fxsr, mmx, sse, sse2, sse3, ssse3, sse4.1, sse4.2, popcnt, aes, clmul, erms, 3dnowpref, lzcnt, tsc, tscinvbit

Memory: 4k page, physical 8296568k(1402436k free), swap 33462392k(6068k free)

vm_info: OpenJDK 64-Bit Server VM (25.202-b03) for windows-amd64 JRE (1.8.0_202-release-1483-b03), built by "builder" with MS VC++ 10.0 (VS2010)

time: Wed Dec 11 20:04:31 2019
timezone: Hora Padrão Brasil Central
elapsed time: 13 seconds (0d 0h 0m 13s)

